<component name="libraryTable">
  <library name="junit-jupiter-api-5.11.4">
    <CLASSES>
      <root url="jar://$PROJECT_DIR$/lib/junit-jupiter-api-5.11.3.jar!/" />
      <root url="jar://$PROJECT_DIR$/lib/junit-jupiter-engine-5.11.3.jar!/" />
      <root url="jar://$PROJECT_DIR$/lib/junit-platform-console-standalone-1.11.3.jar!/" />
      <root url="jar://$PROJECT_DIR$/lib/junit-platform-engine-1.11.3.jar!/" />
    </CLASSES>
    <JAVADOC />
    <SOURCES />
  </library>
</component>